0 info it worked if it ends with ok
1 verbose cli [ '/usr/local/bin/node',
1 verbose cli   '/usr/local/bin/npm',
1 verbose cli   'run',
1 verbose cli   'lint:watch' ]
2 info using npm@4.0.5
3 info using node@v6.9.2
4 verbose run-script [ 'prelint:watch', 'lint:watch', 'postlint:watch' ]
5 info lifecycle react-donde-invierto@0.0.1~prelint:watch: react-donde-invierto@0.0.1
6 silly lifecycle react-donde-invierto@0.0.1~prelint:watch: no script for prelint:watch, continuing
7 info lifecycle react-donde-invierto@0.0.1~lint:watch: react-donde-invierto@0.0.1
8 verbose lifecycle react-donde-invierto@0.0.1~lint:watch: unsafe-perm in lifecycle true
9 verbose lifecycle react-donde-invierto@0.0.1~lint:watch: PATH: /usr/local/lib/node_modules/npm/bin/node-gyp-bin:/Users/juanostroski/Documents/Eclipse/donde-invierto/front/node_modules/.bin:/usr/local/lib/node_modules/npm/bin/node-gyp-bin:/Users/juanostroski/Documents/Eclipse/donde-invierto/front/node_modules/.bin:/usr/local/mysql/bin:/usr/local/sbin:/usr/local/bin:/usr/bin:/bin:/usr/sbin:/sbin
10 verbose lifecycle react-donde-invierto@0.0.1~lint:watch: CWD: /Users/juanostroski/Documents/Eclipse/donde-invierto/front
11 silly lifecycle react-donde-invierto@0.0.1~lint:watch: Args: [ '-c', 'npm run lint -- --watch' ]
12 silly lifecycle react-donde-invierto@0.0.1~lint:watch: Returned: code: 1  signal: null
13 info lifecycle react-donde-invierto@0.0.1~lint:watch: Failed to exec lint:watch script
14 verbose stack Error: react-donde-invierto@0.0.1 lint:watch: `npm run lint -- --watch`
14 verbose stack Exit status 1
14 verbose stack     at EventEmitter.<anonymous> (/usr/local/lib/node_modules/npm/lib/utils/lifecycle.js:279:16)
14 verbose stack     at emitTwo (events.js:106:13)
14 verbose stack     at EventEmitter.emit (events.js:191:7)
14 verbose stack     at ChildProcess.<anonymous> (/usr/local/lib/node_modules/npm/lib/utils/spawn.js:40:14)
14 verbose stack     at emitTwo (events.js:106:13)
14 verbose stack     at ChildProcess.emit (events.js:191:7)
14 verbose stack     at maybeClose (internal/child_process.js:877:16)
14 verbose stack     at Process.ChildProcess._handle.onexit (internal/child_process.js:226:5)
15 verbose pkgid react-donde-invierto@0.0.1
16 verbose cwd /Users/juanostroski/Documents/Eclipse/donde-invierto/front
17 error Darwin 16.0.0
18 error argv "/usr/local/bin/node" "/usr/local/bin/npm" "run" "lint:watch"
19 error node v6.9.2
20 error npm  v4.0.5
21 error code ELIFECYCLE
22 error react-donde-invierto@0.0.1 lint:watch: `npm run lint -- --watch`
22 error Exit status 1
23 error Failed at the react-donde-invierto@0.0.1 lint:watch script 'npm run lint -- --watch'.
23 error Make sure you have the latest version of node.js and npm installed.
23 error If you do, this is most likely a problem with the react-donde-invierto package,
23 error not with npm itself.
23 error Tell the author that this fails on your system:
23 error     npm run lint -- --watch
23 error You can get information on how to open an issue for this project with:
23 error     npm bugs react-donde-invierto
23 error Or if that isn't available, you can get their info via:
23 error     npm owner ls react-donde-invierto
23 error There is likely additional logging output above.
24 verbose exit [ 1, true ]
